2026-03-15 22:25:51.498598 | Density_Seed1_OLS_No_exp | 'NoneType' object has no attribute 'ref'
2026-03-15 22:25:51.500289 | IB_Seed1_OLS_No_exp | 'NoneType' object has no attribute 'ref'
2026-03-15 22:25:51.501840 | MOR_Seed1_OLS_No_exp | 'NoneType' object has no attribute 'ref'
2026-03-15 22:25:51.503210 | Density_Seed27_OLS_No_exp | 'NoneType' object has no attribute 'ref'
2026-03-15 22:25:51.504598 | IB_Seed27_OLS_No_exp | 'NoneType' object has no attribute 'ref'
2026-03-15 22:25:51.506067 | MOR_Seed27_OLS_No_exp | 'NoneType' object has no attribute 'ref'
2026-03-15 22:25:51.507533 | Density_Seed17_OLS_No_exp | 'NoneType' object has no attribute 'ref'
2026-03-15 22:25:51.509665 | IB_Seed17_OLS_No_exp | 'NoneType' object has no attribute 'ref'
2026-03-15 22:25:51.511188 | MOR_Seed17_OLS_No_exp | 'NoneType' object has no attribute 'ref'
2026-03-15 22:25:51.512661 | Density_Seed2_OLS_No_rules | 'NoneType' object has no attribute 'ref'
2026-03-15 22:25:51.514149 | IB_Seed2_OLS_No_rules | 'NoneType' object has no attribute 'ref'
2026-03-15 22:25:51.515609 | MOR_Seed2_OLS_No_rules | 'NoneType' object has no attribute 'ref'
2026-03-15 22:25:51.516987 | Density_Seed9_OLS_No_rules | 'NoneType' object has no attribute 'ref'
2026-03-15 22:25:51.518418 | IB_Seed9_OLS_No_rules | 'NoneType' object has no attribute 'ref'
2026-03-15 22:25:51.519844 | MOR_Seed9_OLS_No_rules | 'NoneType' object has no attribute 'ref'
2026-03-15 22:25:51.521288 | Density_Seed19_OLS_With_Rules | 'NoneType' object has no attribute 'ref'
2026-03-15 22:25:51.522906 | IB_Seed19_OLS_With_Rules | 'NoneType' object has no attribute 'ref'
2026-03-15 22:25:51.524296 | MOR_Seed19_OLS_With_Rules | 'NoneType' object has no attribute 'ref'
2026-03-15 22:25:51.525770 | Density_Seed25_OLS_With_Rules | 'NoneType' object has no attribute 'ref'
2026-03-15 22:25:51.527237 | IB_Seed25_OLS_With_Rules | 'NoneType' object has no attribute 'ref'
2026-03-15 22:25:51.528663 | MOR_Seed25_OLS_With_Rules | 'NoneType' object has no attribute 'ref'
2026-03-15 22:25:51.530050 | Density_Seed2_PLS_No_exp | 'NoneType' object has no attribute 'ref'
2026-03-15 22:25:51.531454 | IB_Seed2_PLS_No_exp | 'NoneType' object has no attribute 'ref'
2026-03-15 22:25:51.532937 | MOR_Seed2_PLS_No_exp | 'NoneType' object has no attribute 'ref'
2026-03-15 22:25:51.534379 | Density_Seed8_PLS_No_rules | 'NoneType' object has no attribute 'ref'
2026-03-15 22:25:51.535757 | IB_Seed8_PLS_No_rules | 'NoneType' object has no attribute 'ref'
2026-03-15 22:25:51.537171 | MOR_Seed8_PLS_No_rules | 'NoneType' object has no attribute 'ref'
2026-03-15 22:25:51.538782 | Density_Seed4_PLS_No_rules | 'NoneType' object has no attribute 'ref'
2026-03-15 22:25:51.540400 | IB_Seed4_PLS_No_rules | 'NoneType' object has no attribute 'ref'
2026-03-15 22:25:51.541887 | MOR_Seed4_PLS_No_rules | 'NoneType' object has no attribute 'ref'
2026-03-15 22:25:51.543298 | Density_Seed10_PLS_No_rules | 'NoneType' object has no attribute 'ref'
2026-03-15 22:25:51.544801 | IB_Seed10_PLS_No_rules | 'NoneType' object has no attribute 'ref'
2026-03-15 22:25:51.546243 | MOR_Seed10_PLS_No_rules | 'NoneType' object has no attribute 'ref'
2026-03-15 22:25:51.547711 | Density_Seed17_PLS_With_Rules | 'NoneType' object has no attribute 'ref'
2026-03-15 22:25:51.549272 | IB_Seed17_PLS_With_Rules | 'NoneType' object has no attribute 'ref'
2026-03-15 22:25:51.551004 | MOR_Seed17_PLS_With_Rules | 'NoneType' object has no attribute 'ref'
2026-03-15 22:25:51.552474 | Density_Seed21_PLS_With_Rules | 'NoneType' object has no attribute 'ref'
2026-03-15 22:25:51.553889 | IB_Seed21_PLS_With_Rules | 'NoneType' object has no attribute 'ref'
2026-03-15 22:25:51.555530 | MOR_Seed21_PLS_With_Rules | 'NoneType' object has no attribute 'ref'
2026-03-15 22:25:51.557076 | Density_Seed14_Ridge_No_exp | 'NoneType' object has no attribute 'ref'
2026-03-15 22:25:51.558586 | IB_Seed14_Ridge_No_exp | 'NoneType' object has no attribute 'ref'
2026-03-15 22:25:51.560161 | MOR_Seed14_Ridge_No_exp | 'NoneType' object has no attribute 'ref'
2026-03-15 22:25:51.561727 | Density_Seed17_Ridge_No_rules | 'NoneType' object has no attribute 'ref'
2026-03-15 22:25:51.563188 | IB_Seed17_Ridge_No_rules | 'NoneType' object has no attribute 'ref'
2026-03-15 22:25:51.564688 | MOR_Seed17_Ridge_No_rules | 'NoneType' object has no attribute 'ref'
2026-03-15 22:25:51.566179 | Density_Seed1_Ridge_With_rules | 'NoneType' object has no attribute 'ref'
2026-03-15 22:25:51.567685 | IB_Seed1_Ridge_With_rules | 'NoneType' object has no attribute 'ref'
2026-03-15 22:25:51.569172 | MOR_Seed1_Ridge_With_rules | 'NoneType' object has no attribute 'ref'
2026-03-15 22:25:51.570669 | Density_Seed17_Ridge_With_rules | 'NoneType' object has no attribute 'ref'
2026-03-15 22:25:51.572268 | IB_Seed17_Ridge_With_rules | 'NoneType' object has no attribute 'ref'
2026-03-15 22:25:51.573716 | MOR_Seed17_Ridge_With_rules | 'NoneType' object has no attribute 'ref'
2026-03-15 22:25:51.575205 | Density_Seed18_Ridge_With_rules | 'NoneType' object has no attribute 'ref'
2026-03-15 22:25:51.576612 | IB_Seed18_Ridge_With_rules | 'NoneType' object has no attribute 'ref'
2026-03-15 22:25:51.578004 | MOR_Seed18_Ridge_With_rules | 'NoneType' object has no attribute 'ref'
2026-03-15 22:33:43.131865 | Density_Seed1_OLS_No_exp | 'NoneType' object has no attribute 'ref'
2026-03-15 22:33:43.133819 | IB_Seed1_OLS_No_exp | 'NoneType' object has no attribute 'ref'
2026-03-15 22:33:43.135921 | MOR_Seed1_OLS_No_exp | 'NoneType' object has no attribute 'ref'
2026-03-15 22:33:43.137982 | Density_Seed27_OLS_No_exp | 'NoneType' object has no attribute 'ref'
2026-03-15 22:33:43.139989 | IB_Seed27_OLS_No_exp | 'NoneType' object has no attribute 'ref'
2026-03-15 22:33:43.142029 | MOR_Seed27_OLS_No_exp | 'NoneType' object has no attribute 'ref'
2026-03-15 22:33:43.144043 | Density_Seed17_OLS_No_exp | 'NoneType' object has no attribute 'ref'
2026-03-15 22:33:43.146074 | IB_Seed17_OLS_No_exp | 'NoneType' object has no attribute 'ref'
2026-03-15 22:33:43.148168 | MOR_Seed17_OLS_No_exp | 'NoneType' object has no attribute 'ref'
2026-03-15 22:33:43.150421 | Density_Seed2_OLS_No_rules | 'NoneType' object has no attribute 'ref'
2026-03-15 22:33:43.152548 | IB_Seed2_OLS_No_rules | 'NoneType' object has no attribute 'ref'
2026-03-15 22:33:43.154522 | MOR_Seed2_OLS_No_rules | 'NoneType' object has no attribute 'ref'
2026-03-15 22:33:43.156508 | Density_Seed9_OLS_No_rules | 'NoneType' object has no attribute 'ref'
2026-03-15 22:33:43.158680 | IB_Seed9_OLS_No_rules | 'NoneType' object has no attribute 'ref'
2026-03-15 22:33:43.160645 | MOR_Seed9_OLS_No_rules | 'NoneType' object has no attribute 'ref'
2026-03-15 22:33:43.162770 | Density_Seed19_OLS_With_Rules | 'NoneType' object has no attribute 'ref'
2026-03-15 22:33:43.164989 | IB_Seed19_OLS_With_Rules | 'NoneType' object has no attribute 'ref'
2026-03-15 22:33:43.167046 | MOR_Seed19_OLS_With_Rules | 'NoneType' object has no attribute 'ref'
2026-03-15 22:33:43.169341 | Density_Seed25_OLS_With_Rules | 'NoneType' object has no attribute 'ref'
2026-03-15 22:33:43.171432 | IB_Seed25_OLS_With_Rules | 'NoneType' object has no attribute 'ref'
2026-03-15 22:33:43.173427 | MOR_Seed25_OLS_With_Rules | 'NoneType' object has no attribute 'ref'
2026-03-15 22:33:43.175451 | Density_Seed2_PLS_No_exp | 'NoneType' object has no attribute 'ref'
2026-03-15 22:33:43.177410 | IB_Seed2_PLS_No_exp | 'NoneType' object has no attribute 'ref'
2026-03-15 22:33:43.179649 | MOR_Seed2_PLS_No_exp | 'NoneType' object has no attribute 'ref'
2026-03-15 22:33:43.181601 | Density_Seed8_PLS_No_rules | 'NoneType' object has no attribute 'ref'
2026-03-15 22:33:43.183768 | IB_Seed8_PLS_No_rules | 'NoneType' object has no attribute 'ref'
2026-03-15 22:33:43.185854 | MOR_Seed8_PLS_No_rules | 'NoneType' object has no attribute 'ref'
2026-03-15 22:33:43.187814 | Density_Seed4_PLS_No_rules | 'NoneType' object has no attribute 'ref'
2026-03-15 22:33:43.189806 | IB_Seed4_PLS_No_rules | 'NoneType' object has no attribute 'ref'
2026-03-15 22:33:43.191841 | MOR_Seed4_PLS_No_rules | 'NoneType' object has no attribute 'ref'
2026-03-15 22:33:43.193941 | Density_Seed10_PLS_No_rules | 'NoneType' object has no attribute 'ref'
2026-03-15 22:33:43.196052 | IB_Seed10_PLS_No_rules | 'NoneType' object has no attribute 'ref'
2026-03-15 22:33:43.198165 | MOR_Seed10_PLS_No_rules | 'NoneType' object has no attribute 'ref'
2026-03-15 22:33:43.200288 | Density_Seed17_PLS_With_Rules | 'NoneType' object has no attribute 'ref'
2026-03-15 22:33:43.202283 | IB_Seed17_PLS_With_Rules | 'NoneType' object has no attribute 'ref'
2026-03-15 22:33:43.204530 | MOR_Seed17_PLS_With_Rules | 'NoneType' object has no attribute 'ref'
2026-03-15 22:33:43.206479 | Density_Seed21_PLS_With_Rules | 'NoneType' object has no attribute 'ref'
2026-03-15 22:33:43.208529 | IB_Seed21_PLS_With_Rules | 'NoneType' object has no attribute 'ref'
2026-03-15 22:33:43.210647 | MOR_Seed21_PLS_With_Rules | 'NoneType' object has no attribute 'ref'
2026-03-15 22:33:43.212513 | Density_Seed14_Ridge_No_exp | 'NoneType' object has no attribute 'ref'
2026-03-15 22:33:43.214403 | IB_Seed14_Ridge_No_exp | 'NoneType' object has no attribute 'ref'
2026-03-15 22:33:43.216514 | MOR_Seed14_Ridge_No_exp | 'NoneType' object has no attribute 'ref'
2026-03-15 22:33:43.218607 | Density_Seed17_Ridge_No_rules | 'NoneType' object has no attribute 'ref'
2026-03-15 22:33:43.220537 | IB_Seed17_Ridge_No_rules | 'NoneType' object has no attribute 'ref'
2026-03-15 22:33:43.222609 | MOR_Seed17_Ridge_No_rules | 'NoneType' object has no attribute 'ref'
2026-03-15 22:33:43.224782 | Density_Seed1_Ridge_With_rules | 'NoneType' object has no attribute 'ref'
2026-03-15 22:33:43.226859 | IB_Seed1_Ridge_With_rules | 'NoneType' object has no attribute 'ref'
2026-03-15 22:33:43.228814 | MOR_Seed1_Ridge_With_rules | 'NoneType' object has no attribute 'ref'
2026-03-15 22:33:43.230840 | Density_Seed17_Ridge_With_rules | 'NoneType' object has no attribute 'ref'
2026-03-15 22:33:43.232838 | IB_Seed17_Ridge_With_rules | 'NoneType' object has no attribute 'ref'
2026-03-15 22:33:43.234902 | MOR_Seed17_Ridge_With_rules | 'NoneType' object has no attribute 'ref'
2026-03-15 22:33:43.236887 | Density_Seed18_Ridge_With_rules | 'NoneType' object has no attribute 'ref'
2026-03-15 22:33:43.238919 | IB_Seed18_Ridge_With_rules | 'NoneType' object has no attribute 'ref'
2026-03-15 22:33:43.240915 | MOR_Seed18_Ridge_With_rules | 'NoneType' object has no attribute 'ref'
2026-03-15 23:09:50.667643 | Density_Seed1_OLS_No_exp | 'NoneType' object has no attribute 'ref'
2026-03-15 23:09:50.671158 | IB_Seed1_OLS_No_exp | 'NoneType' object has no attribute 'ref'
2026-03-15 23:09:50.673203 | MOR_Seed1_OLS_No_exp | 'NoneType' object has no attribute 'ref'
2026-03-15 23:09:50.675348 | Density_Seed27_OLS_No_exp | 'NoneType' object has no attribute 'ref'
2026-03-15 23:09:50.677592 | IB_Seed27_OLS_No_exp | 'NoneType' object has no attribute 'ref'
2026-03-15 23:09:50.679593 | MOR_Seed27_OLS_No_exp | 'NoneType' object has no attribute 'ref'
2026-03-15 23:09:50.681599 | Density_Seed17_OLS_No_exp | 'NoneType' object has no attribute 'ref'
2026-03-15 23:09:50.683973 | IB_Seed17_OLS_No_exp | 'NoneType' object has no attribute 'ref'
2026-03-15 23:09:50.685974 | MOR_Seed17_OLS_No_exp | 'NoneType' object has no attribute 'ref'
2026-03-15 23:09:50.688436 | Density_Seed2_OLS_No_rules | 'NoneType' object has no attribute 'ref'
2026-03-15 23:09:50.690436 | IB_Seed2_OLS_No_rules | 'NoneType' object has no attribute 'ref'
2026-03-15 23:09:50.692436 | MOR_Seed2_OLS_No_rules | 'NoneType' object has no attribute 'ref'
2026-03-15 23:09:50.694436 | Density_Seed9_OLS_No_rules | 'NoneType' object has no attribute 'ref'
2026-03-15 23:09:50.696563 | IB_Seed9_OLS_No_rules | 'NoneType' object has no attribute 'ref'
2026-03-15 23:09:50.698560 | MOR_Seed9_OLS_No_rules | 'NoneType' object has no attribute 'ref'
2026-03-15 23:09:50.700559 | Density_Seed19_OLS_With_Rules | 'NoneType' object has no attribute 'ref'
2026-03-15 23:09:50.702819 | IB_Seed19_OLS_With_Rules | 'NoneType' object has no attribute 'ref'
2026-03-15 23:09:50.705280 | MOR_Seed19_OLS_With_Rules | 'NoneType' object has no attribute 'ref'
2026-03-15 23:09:50.706703 | Density_Seed25_OLS_With_Rules | 'NoneType' object has no attribute 'ref'
2026-03-15 23:09:50.708702 | IB_Seed25_OLS_With_Rules | 'NoneType' object has no attribute 'ref'
2026-03-15 23:09:50.710703 | MOR_Seed25_OLS_With_Rules | 'NoneType' object has no attribute 'ref'
2026-03-15 23:09:50.713754 | Density_Seed2_PLS_No_exp | 'NoneType' object has no attribute 'ref'
2026-03-15 23:09:50.715022 | IB_Seed2_PLS_No_exp | 'NoneType' object has no attribute 'ref'
2026-03-15 23:09:50.717496 | MOR_Seed2_PLS_No_exp | 'NoneType' object has no attribute 'ref'
2026-03-15 23:09:50.719537 | Density_Seed8_PLS_No_rules | 'NoneType' object has no attribute 'ref'
2026-03-15 23:09:50.721875 | IB_Seed8_PLS_No_rules | 'NoneType' object has no attribute 'ref'
2026-03-15 23:09:50.723339 | MOR_Seed8_PLS_No_rules | 'NoneType' object has no attribute 'ref'
2026-03-15 23:09:50.725841 | Density_Seed4_PLS_No_rules | 'NoneType' object has no attribute 'ref'
2026-03-15 23:09:50.727311 | IB_Seed4_PLS_No_rules | 'NoneType' object has no attribute 'ref'
2026-03-15 23:09:50.730874 | MOR_Seed4_PLS_No_rules | 'NoneType' object has no attribute 'ref'
2026-03-15 23:09:50.732384 | Density_Seed10_PLS_No_rules | 'NoneType' object has no attribute 'ref'
2026-03-15 23:09:50.734397 | IB_Seed10_PLS_No_rules | 'NoneType' object has no attribute 'ref'
2026-03-15 23:09:50.736378 | MOR_Seed10_PLS_No_rules | 'NoneType' object has no attribute 'ref'
2026-03-15 23:09:50.738511 | Density_Seed17_PLS_With_Rules | 'NoneType' object has no attribute 'ref'
2026-03-15 23:09:50.740499 | IB_Seed17_PLS_With_Rules | 'NoneType' object has no attribute 'ref'
2026-03-15 23:09:50.742500 | MOR_Seed17_PLS_With_Rules | 'NoneType' object has no attribute 'ref'
2026-03-15 23:09:50.744610 | Density_Seed21_PLS_With_Rules | 'NoneType' object has no attribute 'ref'
2026-03-15 23:09:50.745758 | IB_Seed21_PLS_With_Rules | 'NoneType' object has no attribute 'ref'
2026-03-15 23:09:50.748270 | MOR_Seed21_PLS_With_Rules | 'NoneType' object has no attribute 'ref'
2026-03-15 23:09:50.750931 | Density_Seed14_Ridge_No_exp | 'NoneType' object has no attribute 'ref'
2026-03-15 23:09:50.752401 | IB_Seed14_Ridge_No_exp | 'NoneType' object has no attribute 'ref'
2026-03-15 23:09:50.754457 | MOR_Seed14_Ridge_No_exp | 'NoneType' object has no attribute 'ref'
2026-03-15 23:09:50.757006 | Density_Seed17_Ridge_No_rules | 'NoneType' object has no attribute 'ref'
2026-03-15 23:09:50.759287 | IB_Seed17_Ridge_No_rules | 'NoneType' object has no attribute 'ref'
2026-03-15 23:09:50.761367 | MOR_Seed17_Ridge_No_rules | 'NoneType' object has no attribute 'ref'
2026-03-15 23:09:50.762757 | Density_Seed1_Ridge_With_rules | 'NoneType' object has no attribute 'ref'
2026-03-15 23:09:50.765192 | IB_Seed1_Ridge_With_rules | 'NoneType' object has no attribute 'ref'
2026-03-15 23:09:50.766609 | MOR_Seed1_Ridge_With_rules | 'NoneType' object has no attribute 'ref'
2026-03-15 23:09:50.768615 | Density_Seed17_Ridge_With_rules | 'NoneType' object has no attribute 'ref'
2026-03-15 23:09:50.771225 | IB_Seed17_Ridge_With_rules | 'NoneType' object has no attribute 'ref'
2026-03-15 23:09:50.772676 | MOR_Seed17_Ridge_With_rules | 'NoneType' object has no attribute 'ref'
2026-03-15 23:09:50.774914 | Density_Seed18_Ridge_With_rules | 'NoneType' object has no attribute 'ref'
2026-03-15 23:09:50.777050 | IB_Seed18_Ridge_With_rules | 'NoneType' object has no attribute 'ref'
2026-03-15 23:09:50.779259 | MOR_Seed18_Ridge_With_rules | 'NoneType' object has no attribute 'ref'
2026-03-15 23:13:57.180401 | Density_Seed1_OLS_No_exp | module 'deap.tools.mutation' has no attribute 'basic_mutation'
2026-03-15 23:13:58.860432 | IB_Seed1_OLS_No_exp | module 'deap.tools.mutation' has no attribute 'basic_mutation'
2026-03-15 23:14:00.572923 | MOR_Seed1_OLS_No_exp | module 'deap.tools.mutation' has no attribute 'basic_mutation'
2026-03-15 23:14:02.152491 | Density_Seed27_OLS_No_exp | module 'deap.tools.mutation' has no attribute 'basic_mutation'
2026-03-15 23:14:03.651378 | IB_Seed27_OLS_No_exp | module 'deap.tools.mutation' has no attribute 'basic_mutation'
2026-03-15 23:14:05.013468 | MOR_Seed27_OLS_No_exp | module 'deap.tools.mutation' has no attribute 'basic_mutation'
2026-03-15 23:14:06.386393 | Density_Seed17_OLS_No_exp | module 'deap.tools.mutation' has no attribute 'basic_mutation'
2026-03-15 23:14:07.657664 | IB_Seed17_OLS_No_exp | module 'deap.tools.mutation' has no attribute 'basic_mutation'
2026-03-15 23:14:09.010765 | MOR_Seed17_OLS_No_exp | module 'deap.tools.mutation' has no attribute 'basic_mutation'
2026-03-15 23:14:10.242397 | Density_Seed2_OLS_No_rules | module 'deap.tools.mutation' has no attribute 'basic_mutation'
2026-03-15 23:14:11.642427 | IB_Seed2_OLS_No_rules | module 'deap.tools.mutation' has no attribute 'basic_mutation'
2026-03-15 23:14:12.933140 | MOR_Seed2_OLS_No_rules | module 'deap.tools.mutation' has no attribute 'basic_mutation'
2026-03-15 23:14:14.263511 | Density_Seed9_OLS_No_rules | module 'deap.tools.mutation' has no attribute 'basic_mutation'
2026-03-15 23:17:43.203129 | Density_Seed1_OLS_No_exp | module 'deap.tools.mutation' has no attribute 'basic_mutation'
2026-03-15 23:17:44.525487 | IB_Seed1_OLS_No_exp | module 'deap.tools.mutation' has no attribute 'basic_mutation'
2026-03-15 23:17:45.872851 | MOR_Seed1_OLS_No_exp | module 'deap.tools.mutation' has no attribute 'basic_mutation'
2026-03-16 00:08:26.431743 | Density_Seed1_OLS_No_exp | property 'book' of 'OpenpyxlWriter' object has no setter
2026-03-16 02:07:35.733309 | Density_Seed1_OLS_No_exp | 'overwrite' is not valid for if_sheet_exists. Valid options are 'error', 'new', 'replace' and 'overlay'.
2026-03-16 02:14:32.220369 | IB_Seed1_OLS_No_exp | 'overwrite' is not valid for if_sheet_exists. Valid options are 'error', 'new', 'replace' and 'overlay'.
2026-03-16 02:22:05.733891 | MOR_Seed1_OLS_No_exp | 'overwrite' is not valid for if_sheet_exists. Valid options are 'error', 'new', 'replace' and 'overlay'.
2026-03-16 02:28:17.241629 | Density_Seed27_OLS_No_exp | 'overwrite' is not valid for if_sheet_exists. Valid options are 'error', 'new', 'replace' and 'overlay'.
2026-03-16 02:36:01.258151 | IB_Seed27_OLS_No_exp | 'overwrite' is not valid for if_sheet_exists. Valid options are 'error', 'new', 'replace' and 'overlay'.
2026-03-16 02:43:09.746912 | MOR_Seed27_OLS_No_exp | 'overwrite' is not valid for if_sheet_exists. Valid options are 'error', 'new', 'replace' and 'overlay'.
2026-03-16 02:49:09.871077 | Density_Seed17_OLS_No_exp | 'overwrite' is not valid for if_sheet_exists. Valid options are 'error', 'new', 'replace' and 'overlay'.
2026-03-16 02:56:38.102684 | IB_Seed17_OLS_No_exp | 'overwrite' is not valid for if_sheet_exists. Valid options are 'error', 'new', 'replace' and 'overlay'.
2026-03-16 03:03:50.371024 | MOR_Seed17_OLS_No_exp | 'overwrite' is not valid for if_sheet_exists. Valid options are 'error', 'new', 'replace' and 'overlay'.
2026-03-16 03:10:04.078557 | Density_Seed2_OLS_No_rules | 'overwrite' is not valid for if_sheet_exists. Valid options are 'error', 'new', 'replace' and 'overlay'.
2026-03-16 03:17:43.212256 | IB_Seed2_OLS_No_rules | 'overwrite' is not valid for if_sheet_exists. Valid options are 'error', 'new', 'replace' and 'overlay'.
2026-04-29 09:56:15.735747 | Density_Seed1_OLS_No_exp | [Errno 2] No such file or directory: 'data\\Expert_knowledge.xlsx'
2026-04-29 09:56:17.048596 | IB_Seed1_OLS_No_exp | [Errno 2] No such file or directory: 'data\\Expert_knowledge.xlsx'
2026-04-29 09:56:18.410613 | MOR_Seed1_OLS_No_exp | [Errno 2] No such file or directory: 'data\\Expert_knowledge.xlsx'
2026-04-29 09:56:19.625756 | Density_Seed27_OLS_No_exp | [Errno 2] No such file or directory: 'data\\Expert_knowledge.xlsx'
2026-04-29 09:56:20.975052 | IB_Seed27_OLS_No_exp | [Errno 2] No such file or directory: 'data\\Expert_knowledge.xlsx'
2026-04-29 09:56:22.378594 | MOR_Seed27_OLS_No_exp | [Errno 2] No such file or directory: 'data\\Expert_knowledge.xlsx'
2026-04-29 09:56:23.675941 | Density_Seed17_OLS_No_exp | [Errno 2] No such file or directory: 'data\\Expert_knowledge.xlsx'
2026-04-29 09:56:24.786385 | IB_Seed17_OLS_No_exp | [Errno 2] No such file or directory: 'data\\Expert_knowledge.xlsx'
2026-04-29 09:56:26.198179 | MOR_Seed17_OLS_No_exp | [Errno 2] No such file or directory: 'data\\Expert_knowledge.xlsx'
2026-04-29 09:56:27.695878 | Density_Seed2_OLS_No_rules | [Errno 2] No such file or directory: 'data\\Expert_knowledge.xlsx'
2026-04-29 09:56:29.435227 | IB_Seed2_OLS_No_rules | [Errno 2] No such file or directory: 'data\\Expert_knowledge.xlsx'
2026-04-29 09:56:30.833459 | MOR_Seed2_OLS_No_rules | [Errno 2] No such file or directory: 'data\\Expert_knowledge.xlsx'
2026-04-29 09:56:32.160838 | Density_Seed9_OLS_No_rules | [Errno 2] No such file or directory: 'data\\Expert_knowledge.xlsx'
2026-04-29 09:56:33.401728 | IB_Seed9_OLS_No_rules | [Errno 2] No such file or directory: 'data\\Expert_knowledge.xlsx'
2026-04-29 09:56:34.609320 | MOR_Seed9_OLS_No_rules | [Errno 2] No such file or directory: 'data\\Expert_knowledge.xlsx'
2026-04-29 09:56:35.990056 | Density_Seed19_OLS_With_Rules | [Errno 2] No such file or directory: 'data\\Expert_knowledge.xlsx'
2026-04-29 09:56:38.186126 | IB_Seed19_OLS_With_Rules | [Errno 2] No such file or directory: 'data\\Expert_knowledge.xlsx'
2026-04-29 09:56:39.670776 | MOR_Seed19_OLS_With_Rules | [Errno 2] No such file or directory: 'data\\Expert_knowledge.xlsx'
2026-04-29 09:56:41.756290 | Density_Seed25_OLS_With_Rules | [Errno 2] No such file or directory: 'data\\Expert_knowledge.xlsx'
2026-04-29 12:02:11.673432 | Density_Seed1_OLS_No_exp | [Errno 2] No such file or directory: 'data\\240722_TAGS_Tabelle.csv'
2026-04-29 12:02:12.583976 | IB_Seed1_OLS_No_exp | [Errno 2] No such file or directory: 'data\\240722_TAGS_Tabelle.csv'
2026-04-29 12:02:13.515112 | MOR_Seed1_OLS_No_exp | [Errno 2] No such file or directory: 'data\\240722_TAGS_Tabelle.csv'
2026-04-29 12:02:14.482328 | Density_Seed27_OLS_No_exp | [Errno 2] No such file or directory: 'data\\240722_TAGS_Tabelle.csv'
2026-04-29 12:02:15.712495 | IB_Seed27_OLS_No_exp | [Errno 2] No such file or directory: 'data\\240722_TAGS_Tabelle.csv'
2026-04-29 12:02:16.796644 | MOR_Seed27_OLS_No_exp | [Errno 2] No such file or directory: 'data\\240722_TAGS_Tabelle.csv'
2026-04-29 12:02:17.700555 | Density_Seed17_OLS_No_exp | [Errno 2] No such file or directory: 'data\\240722_TAGS_Tabelle.csv'
2026-04-29 12:02:18.656903 | IB_Seed17_OLS_No_exp | [Errno 2] No such file or directory: 'data\\240722_TAGS_Tabelle.csv'
2026-04-29 12:02:19.891205 | MOR_Seed17_OLS_No_exp | [Errno 2] No such file or directory: 'data\\240722_TAGS_Tabelle.csv'
2026-04-29 12:02:20.905963 | Density_Seed2_OLS_No_rules | [Errno 2] No such file or directory: 'data\\240722_TAGS_Tabelle.csv'
2026-04-29 12:02:21.840331 | IB_Seed2_OLS_No_rules | [Errno 2] No such file or directory: 'data\\240722_TAGS_Tabelle.csv'
2026-04-29 12:02:22.761392 | MOR_Seed2_OLS_No_rules | [Errno 2] No such file or directory: 'data\\240722_TAGS_Tabelle.csv'
2026-04-29 12:02:23.729457 | Density_Seed9_OLS_No_rules | [Errno 2] No such file or directory: 'data\\240722_TAGS_Tabelle.csv'
2026-04-29 12:02:24.750491 | IB_Seed9_OLS_No_rules | [Errno 2] No such file or directory: 'data\\240722_TAGS_Tabelle.csv'
2026-04-29 12:02:25.723818 | MOR_Seed9_OLS_No_rules | [Errno 2] No such file or directory: 'data\\240722_TAGS_Tabelle.csv'
2026-04-29 12:02:26.638436 | Density_Seed19_OLS_With_Rules | [Errno 2] No such file or directory: 'data\\240722_TAGS_Tabelle.csv'
2026-04-29 12:02:27.587452 | IB_Seed19_OLS_With_Rules | [Errno 2] No such file or directory: 'data\\240722_TAGS_Tabelle.csv'
